<?xml version="1.0" encoding="UTF-8"?>
<!-- Generated by org.testng.reporters.JUnitReportReporter -->
<testsuite skipped="0" hostname="Jibin" name="com.crm.qa.TestCases.LoginTestCase" tests="1" failures="0" timestamp="2021-12-10T11:33:33 IST" time="73.136" errors="0">
  <testcase name="loginToApplication" time="73.136" classname="com.crm.qa.TestCases.LoginTestCase"/>
  <system-out/>
</testsuite> <!-- com.crm.qa.TestCases.LoginTestCase -->
